{
  "Config": {
    "Target": {
      "Region": "us-east-1",
      "Id": "329914591859"
    },
    "Email": {
      "Sender": "aseemsethi@yahoo.com",
      "Recv": "aseemsethi@yahoo.com",
      "Subject": "TcTool Test Results"
    },
    "Database": {
      "Username": "admin",
      "Password": "super-pedro-1980"
    }
  },
  "Test": "Globals",
  "level": "info",
  "msg": "Config:"
}
{
  "Test": "Globals",
  "level": "info",
  "msg": "**************************Globals Initialized..."
}
{
  "Test": "Init",
  "level": "info",
  "msg": "Security Tests Starting....................................................."
}
{
  "Test": "Exec",
  "level": "info",
  "msg": "execTests: started"
}
{
  "Test": "CIS",
  "level": "info",
  "msg": "CredentialReport init..."
}
{
  "Test": "CIS",
  "level": "info",
  "msg": "Credential Rept Not generated"
}
{
  "Test": "CIS",
  "level": "info",
  "msg": "GenerateCredentialReport Passed 2nd time"
}
{
  "Descr": "Generate Credential Repo",
  "Test": "CredentialsInit",
  "level": "info",
  "msg": "Passed"
}
{
  "Descr": "Avoid Root Account",
  "Test": "CIS1.1",
  "level": "info",
  "msg": "Passed"
}
{
  "Descr": "Enable MFA for all Accounts",
  "Test": "CIS1.2",
  "level": "info",
  "msg": "Failed"
}
{
  "Summary": {
    "critical": 1,
    "high": 0,
    "info": 0,
    "low": 0,
    "medium": 0
  },
  "Test": "Tests",
  "level": "info",
  "msg": "Summary"
}
